<?xml version="1.0" encoding="UTF-8"?>
<!-- Generated by org.testng.reporters.JUnitXMLReporter -->
<testsuite ignored="0" hostname="LAPTOP-A221K0G3" failures="0" tests="10" name="Test" time="112.179" errors="0" timestamp="2023-01-23T11:51:50 IST">
  <testcase classname="search.TC_001" name="addToTheProductToCart" time="1.272"/>
  <testcase classname="search.TC_002" name="addToTheProductToCart" time="1.045"/>
  <testcase classname="search.TC_003" name="sortByDropDown" time="1.233"/>
  <testcase classname="search.TC_004" name="placeholder" time="0.075"/>
  <testcase classname="search.TC_005" name="placeholder" time="0.088"/>
  <testcase classname="search.TC_006" name="filterByPrice" time="7.263"/>
  <testcase classname="search.TC_007" name="filterByPrice" time="2.76"/>
  <testcase classname="search.TC_008" name="addToCart" time="3.639"/>
  <testcase classname="search.TC_009" name="addToCart" time="2.151"/>
  <testcase classname="search.TC_010" name="addToTheProductToCart" time="0.173"/>
</testsuite> <!-- Test -->
