<?xml version="1.0" encoding="UTF-8"?>
<testng-results ignored="0" total="10" passed="10" failed="0" skipped="0">
  <reporter-output>
    <line>
      <![CDATA[Empty browser is launched]]>
    </line>
    <line>
      <![CDATA[browser is maximized]]>
    </line>
    <line>
      <![CDATA[searched product is displayed successfully]]>
    </line>
    <line>
      <![CDATA[Empty browser is launched]]>
    </line>
    <line>
      <![CDATA[browser is maximized]]>
    </line>
    <line>
      <![CDATA[Product name is entered successfully]]>
    </line>
    <line>
      <![CDATA[Invalid products are not displayed]]>
    </line>
    <line>
      <![CDATA[Empty browser is launched]]>
    </line>
    <line>
      <![CDATA[browser is maximized]]>
    </line>
    <line>
      <![CDATA[Empty browser is launched]]>
    </line>
    <line>
      <![CDATA[browser is maximized]]>
    </line>
    <line>
      <![CDATA[Placeholder is displayed]]>
    </line>
    <line>
      <![CDATA[Empty browser is launched]]>
    </line>
    <line>
      <![CDATA[browser is maximized]]>
    </line>
    <line>
      <![CDATA[Placeholder is disappeared]]>
    </line>
    <line>
      <![CDATA[Empty browser is launched]]>
    </line>
    <line>
      <![CDATA[browser is maximized]]>
    </line>
    <line>
      <![CDATA[Electronics page is displayed successfully]]>
    </line>
    <line>
      <![CDATA[Camera,photo page is displayed successfully]]>
    </line>
    <line>
      <![CDATA[The product is displayed displayed successfully under 500 price range]]>
    </line>
    <line>
      <![CDATA[Empty browser is launched]]>
    </line>
    <line>
      <![CDATA[browser is maximized]]>
    </line>
    <line>
      <![CDATA[Electronics page is displayed successfully]]>
    </line>
    <line>
      <![CDATA[Camera,photo page is displayed successfully]]>
    </line>
    <line>
      <![CDATA[The product is displayed successfully over 500 price range]]>
    </line>
    <line>
      <![CDATA[Empty browser is launched]]>
    </line>
    <line>
      <![CDATA[browser is maximized]]>
    </line>
    <line>
      <![CDATA[Cellphone page is displayed successfully]]>
    </line>
    <line>
      <![CDATA[The smartphone is added successfully to cart]]>
    </line>
    <line>
      <![CDATA[Empty browser is launched]]>
    </line>
    <line>
      <![CDATA[browser is maximized]]>
    </line>
    <line>
      <![CDATA[Jewelry page is displayed successfully]]>
    </line>
    <line>
      <![CDATA[4 product is displayed as per the selection]]>
    </line>
    <line>
      <![CDATA[Empty browser is launched]]>
    </line>
    <line>
      <![CDATA[browser is maximized]]>
    </line>
    <line>
      <![CDATA[Proper error message is displayed successfully]]>
    </line>
  </reporter-output>
  <suite started-at="2023-01-23T11:49:58 IST" name="Suite" finished-at="2023-01-23T11:51:50 IST" duration-ms="112179">
    <groups>
    </groups>
    <test started-at="2023-01-23T11:49:58 IST" name="Test" finished-at="2023-01-23T11:51:50 IST" duration-ms="112179">
      <class name="search.TC_010">
        <test-method is-config="true" signature="launchBrowser(java.lang.String)[pri:0, instance:search.TC_010@31368b99]" started-at="2023-01-23T11:51:42 IST" name="launchBrowser" finished-at="2023-01-23T11:51:47 IST" duration-ms="4718" status="PASS">
          <params>
            <param index="0">
              <value>
                <![CDATA[firefox]]>
              </value>
            </param>
          </params>
          <reporter-output>
            <line>
              <![CDATA[Empty browser is launched]]>
            </line>
            <line>
              <![CDATA[browser is maximized]]>
            </line>
          </reporter-output>
        </test-method> <!-- launchBrowser -->
        <test-method is-config="true" signature="login()[pri:0, instance:search.TC_010@31368b99]" started-at="2023-01-23T11:51:47 IST" name="login" depends-on-groups="launch" finished-at="2023-01-23T11:51:49 IST" duration-ms="1717" status="PASS">
          <reporter-output>
          </reporter-output>
        </test-method> <!-- login -->
        <test-method signature="addToTheProductToCart([Ljava.lang.String;)[pri:0, instance:search.TC_010@31368b99]" started-at="2023-01-23T11:51:49 IST" name="addToTheProductToCart" data-provider="TC_010" finished-at="2023-01-23T11:51:49 IST" duration-ms="173" status="PASS">
          <params>
            <param index="0">
              <value>
                <![CDATA[[Ljava.lang.String;@7c0de229]]>
              </value>
            </param>
          </params>
          <reporter-output>
            <line>
              <![CDATA[Proper error message is displayed successfully]]>
            </line>
          </reporter-output>
        </test-method> <!-- addToTheProductToCart -->
        <test-method is-config="true" signature="logoutAndCloseTheBrowser()[pri:0, instance:search.TC_010@31368b99]" started-at="2023-01-23T11:51:49 IST" name="logoutAndCloseTheBrowser" finished-at="2023-01-23T11:51:50 IST" duration-ms="1663" status="PASS">
          <reporter-output>
          </reporter-output>
        </test-method> <!-- logoutAndCloseTheBrowser -->
      </class> <!-- search.TC_010 -->
      <class name="search.TC_001">
        <test-method is-config="true" signature="launchBrowser(java.lang.String)[pri:0, instance:search.TC_001@1139b2f3]" started-at="2023-01-23T11:49:59 IST" name="launchBrowser" finished-at="2023-01-23T11:50:07 IST" duration-ms="8354" status="PASS">
          <params>
            <param index="0">
              <value>
                <![CDATA[firefox]]>
              </value>
            </param>
          </params>
          <reporter-output>
            <line>
              <![CDATA[Empty browser is launched]]>
            </line>
            <line>
              <![CDATA[browser is maximized]]>
            </line>
          </reporter-output>
        </test-method> <!-- launchBrowser -->
        <test-method is-config="true" signature="login()[pri:0, instance:search.TC_001@1139b2f3]" started-at="2023-01-23T11:50:07 IST" name="login" depends-on-groups="launch" finished-at="2023-01-23T11:50:09 IST" duration-ms="1948" status="PASS">
          <reporter-output>
          </reporter-output>
        </test-method> <!-- login -->
        <test-method signature="addToTheProductToCart([Ljava.lang.String;)[pri:0, instance:search.TC_001@1139b2f3]" started-at="2023-01-23T11:50:09 IST" name="addToTheProductToCart" data-provider="TC_001" finished-at="2023-01-23T11:50:10 IST" duration-ms="1272" status="PASS">
          <params>
            <param index="0">
              <value>
                <![CDATA[[Ljava.lang.String;@698f4aa]]>
              </value>
            </param>
          </params>
          <reporter-output>
            <line>
              <![CDATA[searched product is displayed successfully]]>
            </line>
          </reporter-output>
        </test-method> <!-- addToTheProductToCart -->
        <test-method is-config="true" signature="logoutAndCloseTheBrowser()[pri:0, instance:search.TC_001@1139b2f3]" started-at="2023-01-23T11:50:10 IST" name="logoutAndCloseTheBrowser" finished-at="2023-01-23T11:50:12 IST" duration-ms="1603" status="PASS">
          <reporter-output>
          </reporter-output>
        </test-method> <!-- logoutAndCloseTheBrowser -->
      </class> <!-- search.TC_001 -->
      <class name="search.TC_003">
        <test-method is-config="true" signature="launchBrowser(java.lang.String)[pri:0, instance:search.TC_003@5e82df6a]" started-at="2023-01-23T11:50:22 IST" name="launchBrowser" finished-at="2023-01-23T11:50:27 IST" duration-ms="5480" status="PASS">
          <params>
            <param index="0">
              <value>
                <![CDATA[firefox]]>
              </value>
            </param>
          </params>
          <reporter-output>
            <line>
              <![CDATA[Empty browser is launched]]>
            </line>
            <line>
              <![CDATA[browser is maximized]]>
            </line>
          </reporter-output>
        </test-method> <!-- launchBrowser -->
        <test-method is-config="true" signature="login()[pri:0, instance:search.TC_003@5e82df6a]" started-at="2023-01-23T11:50:27 IST" name="login" depends-on-groups="launch" finished-at="2023-01-23T11:50:29 IST" duration-ms="1815" status="PASS">
          <reporter-output>
          </reporter-output>
        </test-method> <!-- login -->
        <test-method signature="sortByDropDown([Ljava.lang.String;)[pri:0, instance:search.TC_003@5e82df6a]" started-at="2023-01-23T11:50:29 IST" name="sortByDropDown" data-provider="TC_003" finished-at="2023-01-23T11:50:30 IST" duration-ms="1233" status="PASS">
          <params>
            <param index="0">
              <value>
                <![CDATA[[Ljava.lang.String;@68a426c3]]>
              </value>
            </param>
          </params>
          <reporter-output>
          </reporter-output>
        </test-method> <!-- sortByDropDown -->
        <test-method is-config="true" signature="logoutAndCloseTheBrowser()[pri:0, instance:search.TC_003@5e82df6a]" started-at="2023-01-23T11:50:30 IST" name="logoutAndCloseTheBrowser" finished-at="2023-01-23T11:50:32 IST" duration-ms="1608" status="PASS">
          <reporter-output>
          </reporter-output>
        </test-method> <!-- logoutAndCloseTheBrowser -->
      </class> <!-- search.TC_003 -->
      <class name="search.TC_002">
        <test-method is-config="true" signature="launchBrowser(java.lang.String)[pri:0, instance:search.TC_002@7a69b07]" started-at="2023-01-23T11:50:12 IST" name="launchBrowser" finished-at="2023-01-23T11:50:17 IST" duration-ms="5290" status="PASS">
          <params>
            <param index="0">
              <value>
                <![CDATA[firefox]]>
              </value>
            </param>
          </params>
          <reporter-output>
            <line>
              <![CDATA[Empty browser is launched]]>
            </line>
            <line>
              <![CDATA[browser is maximized]]>
            </line>
          </reporter-output>
        </test-method> <!-- launchBrowser -->
        <test-method is-config="true" signature="login()[pri:0, instance:search.TC_002@7a69b07]" started-at="2023-01-23T11:50:17 IST" name="login" depends-on-groups="launch" finished-at="2023-01-23T11:50:19 IST" duration-ms="1813" status="PASS">
          <reporter-output>
          </reporter-output>
        </test-method> <!-- login -->
        <test-method signature="addToTheProductToCart([Ljava.lang.String;)[pri:0, instance:search.TC_002@7a69b07]" started-at="2023-01-23T11:50:19 IST" name="addToTheProductToCart" data-provider="TC_002" finished-at="2023-01-23T11:50:20 IST" duration-ms="1045" status="PASS">
          <params>
            <param index="0">
              <value>
                <![CDATA[[Ljava.lang.String;@3dda8a2e]]>
              </value>
            </param>
          </params>
          <reporter-output>
            <line>
              <![CDATA[Product name is entered successfully]]>
            </line>
            <line>
              <![CDATA[Invalid products are not displayed]]>
            </line>
          </reporter-output>
        </test-method> <!-- addToTheProductToCart -->
        <test-method is-config="true" signature="logoutAndCloseTheBrowser()[pri:0, instance:search.TC_002@7a69b07]" started-at="2023-01-23T11:50:20 IST" name="logoutAndCloseTheBrowser" finished-at="2023-01-23T11:50:22 IST" duration-ms="1527" status="PASS">
          <reporter-output>
          </reporter-output>
        </test-method> <!-- logoutAndCloseTheBrowser -->
      </class> <!-- search.TC_002 -->
      <class name="search.TC_005">
        <test-method is-config="true" signature="launchBrowser(java.lang.String)[pri:0, instance:search.TC_005@636be97c]" started-at="2023-01-23T11:50:41 IST" name="launchBrowser" finished-at="2023-01-23T11:50:46 IST" duration-ms="5496" status="PASS">
          <params>
            <param index="0">
              <value>
                <![CDATA[firefox]]>
              </value>
            </param>
          </params>
          <reporter-output>
            <line>
              <![CDATA[Empty browser is launched]]>
            </line>
            <line>
              <![CDATA[browser is maximized]]>
            </line>
          </reporter-output>
        </test-method> <!-- launchBrowser -->
        <test-method is-config="true" signature="login()[pri:0, instance:search.TC_005@636be97c]" started-at="2023-01-23T11:50:46 IST" name="login" depends-on-groups="launch" finished-at="2023-01-23T11:50:48 IST" duration-ms="1745" status="PASS">
          <reporter-output>
          </reporter-output>
        </test-method> <!-- login -->
        <test-method signature="placeholder([Ljava.lang.String;)[pri:0, instance:search.TC_005@636be97c]" started-at="2023-01-23T11:50:48 IST" name="placeholder" data-provider="TC_005" finished-at="2023-01-23T11:50:48 IST" duration-ms="88" status="PASS">
          <params>
            <param index="0">
              <value>
                <![CDATA[[Ljava.lang.String;@3dbb3fb7]]>
              </value>
            </param>
          </params>
          <reporter-output>
            <line>
              <![CDATA[Placeholder is disappeared]]>
            </line>
          </reporter-output>
        </test-method> <!-- placeholder -->
        <test-method is-config="true" signature="logoutAndCloseTheBrowser()[pri:0, instance:search.TC_005@636be97c]" started-at="2023-01-23T11:50:48 IST" name="logoutAndCloseTheBrowser" finished-at="2023-01-23T11:50:50 IST" duration-ms="1893" status="PASS">
          <reporter-output>
          </reporter-output>
        </test-method> <!-- logoutAndCloseTheBrowser -->
      </class> <!-- search.TC_005 -->
      <class name="search.TC_004">
        <test-method is-config="true" signature="launchBrowser(java.lang.String)[pri:0, instance:search.TC_004@3f197a46]" started-at="2023-01-23T11:50:32 IST" name="launchBrowser" finished-at="2023-01-23T11:50:37 IST" duration-ms="5242" status="PASS">
          <params>
            <param index="0">
              <value>
                <![CDATA[firefox]]>
              </value>
            </param>
          </params>
          <reporter-output>
            <line>
              <![CDATA[Empty browser is launched]]>
            </line>
            <line>
              <![CDATA[browser is maximized]]>
            </line>
          </reporter-output>
        </test-method> <!-- launchBrowser -->
        <test-method is-config="true" signature="login()[pri:0, instance:search.TC_004@3f197a46]" started-at="2023-01-23T11:50:37 IST" name="login" depends-on-groups="launch" finished-at="2023-01-23T11:50:39 IST" duration-ms="1653" status="PASS">
          <reporter-output>
          </reporter-output>
        </test-method> <!-- login -->
        <test-method signature="placeholder([Ljava.lang.String;)[pri:0, instance:search.TC_004@3f197a46]" started-at="2023-01-23T11:50:39 IST" name="placeholder" data-provider="TC_004" finished-at="2023-01-23T11:50:39 IST" duration-ms="75" status="PASS">
          <params>
            <param index="0">
              <value>
                <![CDATA[[Ljava.lang.String;@2e349cf2]]>
              </value>
            </param>
          </params>
          <reporter-output>
            <line>
              <![CDATA[Placeholder is displayed]]>
            </line>
          </reporter-output>
        </test-method> <!-- placeholder -->
        <test-method is-config="true" signature="logoutAndCloseTheBrowser()[pri:0, instance:search.TC_004@3f197a46]" started-at="2023-01-23T11:50:39 IST" name="logoutAndCloseTheBrowser" finished-at="2023-01-23T11:50:41 IST" duration-ms="1690" status="PASS">
          <reporter-output>
          </reporter-output>
        </test-method> <!-- logoutAndCloseTheBrowser -->
      </class> <!-- search.TC_004 -->
      <class name="search.TC_007">
        <test-method is-config="true" signature="launchBrowser(java.lang.String)[pri:0, instance:search.TC_007@1817d444]" started-at="2023-01-23T11:51:06 IST" name="launchBrowser" finished-at="2023-01-23T11:51:12 IST" duration-ms="5549" status="PASS">
          <params>
            <param index="0">
              <value>
                <![CDATA[firefox]]>
              </value>
            </param>
          </params>
          <reporter-output>
            <line>
              <![CDATA[Empty browser is launched]]>
            </line>
            <line>
              <![CDATA[browser is maximized]]>
            </line>
          </reporter-output>
        </test-method> <!-- launchBrowser -->
        <test-method is-config="true" signature="login()[pri:0, instance:search.TC_007@1817d444]" started-at="2023-01-23T11:51:12 IST" name="login" depends-on-groups="launch" finished-at="2023-01-23T11:51:14 IST" duration-ms="2002" status="PASS">
          <reporter-output>
          </reporter-output>
        </test-method> <!-- login -->
        <test-method signature="filterByPrice([Ljava.lang.String;)[pri:0, instance:search.TC_007@1817d444]" started-at="2023-01-23T11:51:14 IST" name="filterByPrice" data-provider="TC_007" finished-at="2023-01-23T11:51:16 IST" duration-ms="2760" status="PASS">
          <params>
            <param index="0">
              <value>
                <![CDATA[[Ljava.lang.String;@4756e5cc]]>
              </value>
            </param>
          </params>
          <reporter-output>
            <line>
              <![CDATA[Electronics page is displayed successfully]]>
            </line>
            <line>
              <![CDATA[Camera,photo page is displayed successfully]]>
            </line>
            <line>
              <![CDATA[The product is displayed successfully over 500 price range]]>
            </line>
          </reporter-output>
        </test-method> <!-- filterByPrice -->
        <test-method is-config="true" signature="logoutAndCloseTheBrowser()[pri:0, instance:search.TC_007@1817d444]" started-at="2023-01-23T11:51:16 IST" name="logoutAndCloseTheBrowser" finished-at="2023-01-23T11:51:18 IST" duration-ms="1632" status="PASS">
          <reporter-output>
          </reporter-output>
        </test-method> <!-- logoutAndCloseTheBrowser -->
      </class> <!-- search.TC_007 -->
      <class name="search.TC_006">
        <test-method is-config="true" signature="launchBrowser(java.lang.String)[pri:0, instance:search.TC_006@50a638b5]" started-at="2023-01-23T11:50:50 IST" name="launchBrowser" finished-at="2023-01-23T11:50:55 IST" duration-ms="5164" status="PASS">
          <params>
            <param index="0">
              <value>
                <![CDATA[firefox]]>
              </value>
            </param>
          </params>
          <reporter-output>
            <line>
              <![CDATA[Empty browser is launched]]>
            </line>
            <line>
              <![CDATA[browser is maximized]]>
            </line>
          </reporter-output>
        </test-method> <!-- launchBrowser -->
        <test-method is-config="true" signature="login()[pri:0, instance:search.TC_006@50a638b5]" started-at="2023-01-23T11:50:55 IST" name="login" depends-on-groups="launch" finished-at="2023-01-23T11:50:57 IST" duration-ms="1618" status="PASS">
          <reporter-output>
          </reporter-output>
        </test-method> <!-- login -->
        <test-method signature="filterByPrice([Ljava.lang.String;)[pri:0, instance:search.TC_006@50a638b5]" started-at="2023-01-23T11:50:57 IST" name="filterByPrice" data-provider="TC_006" finished-at="2023-01-23T11:51:04 IST" duration-ms="7263" status="PASS">
          <params>
            <param index="0">
              <value>
                <![CDATA[[Ljava.lang.String;@6aa6c17]]>
              </value>
            </param>
          </params>
          <reporter-output>
            <line>
              <![CDATA[Electronics page is displayed successfully]]>
            </line>
            <line>
              <![CDATA[Camera,photo page is displayed successfully]]>
            </line>
            <line>
              <![CDATA[The product is displayed displayed successfully under 500 price range]]>
            </line>
          </reporter-output>
        </test-method> <!-- filterByPrice -->
        <test-method is-config="true" signature="logoutAndCloseTheBrowser()[pri:0, instance:search.TC_006@50a638b5]" started-at="2023-01-23T11:51:04 IST" name="logoutAndCloseTheBrowser" finished-at="2023-01-23T11:51:06 IST" duration-ms="2077" status="PASS">
          <reporter-output>
          </reporter-output>
        </test-method> <!-- logoutAndCloseTheBrowser -->
      </class> <!-- search.TC_006 -->
      <class name="search.TC_009">
        <test-method is-config="true" signature="launchBrowser(java.lang.String)[pri:0, instance:search.TC_009@50b472aa]" started-at="2023-01-23T11:51:31 IST" name="launchBrowser" finished-at="2023-01-23T11:51:37 IST" duration-ms="6013" status="PASS">
          <params>
            <param index="0">
              <value>
                <![CDATA[firefox]]>
              </value>
            </param>
          </params>
          <reporter-output>
            <line>
              <![CDATA[Empty browser is launched]]>
            </line>
            <line>
              <![CDATA[browser is maximized]]>
            </line>
          </reporter-output>
        </test-method> <!-- launchBrowser -->
        <test-method is-config="true" signature="login()[pri:0, instance:search.TC_009@50b472aa]" started-at="2023-01-23T11:51:37 IST" name="login" depends-on-groups="launch" finished-at="2023-01-23T11:51:38 IST" duration-ms="1635" status="PASS">
          <reporter-output>
          </reporter-output>
        </test-method> <!-- login -->
        <test-method signature="addToCart([Ljava.lang.String;)[pri:0, instance:search.TC_009@50b472aa]" started-at="2023-01-23T11:51:38 IST" name="addToCart" data-provider="TC_009" finished-at="2023-01-23T11:51:41 IST" duration-ms="2151" status="PASS">
          <params>
            <param index="0">
              <value>
                <![CDATA[[Ljava.lang.String;@2c7ad4f3]]>
              </value>
            </param>
          </params>
          <reporter-output>
            <line>
              <![CDATA[Jewelry page is displayed successfully]]>
            </line>
            <line>
              <![CDATA[4 product is displayed as per the selection]]>
            </line>
          </reporter-output>
        </test-method> <!-- addToCart -->
        <test-method is-config="true" signature="logoutAndCloseTheBrowser()[pri:0, instance:search.TC_009@50b472aa]" started-at="2023-01-23T11:51:41 IST" name="logoutAndCloseTheBrowser" finished-at="2023-01-23T11:51:42 IST" duration-ms="1533" status="PASS">
          <reporter-output>
          </reporter-output>
        </test-method> <!-- logoutAndCloseTheBrowser -->
      </class> <!-- search.TC_009 -->
      <class name="search.TC_008">
        <test-method is-config="true" signature="launchBrowser(java.lang.String)[pri:0, instance:search.TC_008@6ca8564a]" started-at="2023-01-23T11:51:18 IST" name="launchBrowser" finished-at="2023-01-23T11:51:24 IST" duration-ms="5819" status="PASS">
          <params>
            <param index="0">
              <value>
                <![CDATA[firefox]]>
              </value>
            </param>
          </params>
          <reporter-output>
            <line>
              <![CDATA[Empty browser is launched]]>
            </line>
            <line>
              <![CDATA[browser is maximized]]>
            </line>
          </reporter-output>
        </test-method> <!-- launchBrowser -->
        <test-method is-config="true" signature="login()[pri:0, instance:search.TC_008@6ca8564a]" started-at="2023-01-23T11:51:24 IST" name="login" depends-on-groups="launch" finished-at="2023-01-23T11:51:25 IST" duration-ms="1653" status="PASS">
          <reporter-output>
          </reporter-output>
        </test-method> <!-- login -->
        <test-method signature="addToCart([Ljava.lang.String;)[pri:0, instance:search.TC_008@6ca8564a]" started-at="2023-01-23T11:51:25 IST" name="addToCart" data-provider="TC_008" finished-at="2023-01-23T11:51:29 IST" duration-ms="3639" status="PASS">
          <params>
            <param index="0">
              <value>
                <![CDATA[[Ljava.lang.String;@39851c5]]>
              </value>
            </param>
          </params>
          <reporter-output>
            <line>
              <![CDATA[Cellphone page is displayed successfully]]>
            </line>
            <line>
              <![CDATA[The smartphone is added successfully to cart]]>
            </line>
          </reporter-output>
        </test-method> <!-- addToCart -->
        <test-method is-config="true" signature="logoutAndCloseTheBrowser()[pri:0, instance:search.TC_008@6ca8564a]" started-at="2023-01-23T11:51:29 IST" name="logoutAndCloseTheBrowser" finished-at="2023-01-23T11:51:31 IST" duration-ms="1670" status="PASS">
          <reporter-output>
          </reporter-output>
        </test-method> <!-- logoutAndCloseTheBrowser -->
      </class> <!-- search.TC_008 -->
    </test> <!-- Test -->
  </suite> <!-- Suite -->
</testng-results>
